<?xml version="1.0" encoding="UTF-8"?>
<testng-results skipped="0" failed="0" total="1" passed="1">
  <reporter-output>
  </reporter-output>
  <suite name="Default suite" duration-ms="25079" started-at="2016-08-07T09:24:23Z" finished-at="2016-08-07T09:24:48Z">
    <groups>
    </groups>
    <test name="Default test" duration-ms="25079" started-at="2016-08-07T09:24:23Z" finished-at="2016-08-07T09:24:48Z">
      <class name="MobileWeb">
        <test-method status="PASS" signature="AppTest()[pri:0, instance:MobileWeb@548a9f61]" name="AppTest" duration-ms="25007" started-at="2016-08-07T02:24:23Z" finished-at="2016-08-07T02:24:48Z">
          <reporter-output>
          </reporter-output>
        </test-method> <!-- AppTest -->
      </class> <!-- MobileWeb -->
    </test> <!-- Default test -->
  </suite> <!-- Default suite -->
</testng-results>
